<?xml version="1.0" encoding="UTF-8"?>
<testng-results ignored="0" total="6" passed="4" failed="2" skipped="0">
  <reporter-output>
  </reporter-output>
  <suite started-at="2025-02-25T02:27:38 SGT" name="Default suite" finished-at="2025-02-25T02:27:51 SGT" duration-ms="13112">
    <groups>
    </groups>
    <test started-at="2025-02-25T02:27:38 SGT" name="Default test" finished-at="2025-02-25T02:27:51 SGT" duration-ms="13112">
      <class name="com.dvops.maven.eclipse.TestLogin">
        <test-method is-config="true" signature="beforeTest()[pri:0, instance:com.dvops.maven.eclipse.TestLogin@3e84448c]" started-at="2025-02-25T02:27:41 SGT" name="beforeTest" finished-at="2025-02-25T02:27:43 SGT" duration-ms="2013" status="PASS">
          <reporter-output>
          </reporter-output>
        </test-method> <!-- beforeTest -->
        <test-method signature="testDoGetHttpServletRequestHttpServletResponse()[pri:0, instance:com.dvops.maven.eclipse.TestLogin@3e84448c]" started-at="2025-02-25T02:27:45 SGT" name="testDoGetHttpServletRequestHttpServletResponse" finished-at="2025-02-25T02:27:45 SGT" duration-ms="7" status="FAIL">
          <exception class="org.opentest4j.AssertionFailedError">
            <message>
              <![CDATA[Not yet implemented]]>
            </message>
            <full-stacktrace>
              <![CDATA[org.opentest4j.AssertionFailedError: Not yet implemented
at org.junit.jupiter.api.AssertionUtils.fail(AssertionUtils.java:38)
at org.junit.jupiter.api.Assertions.fail(Assertions.java:138)
at com.dvops.maven.eclipse.TestLogin.testDoGetHttpServletRequestHttpServletResponse(TestLogin.java:85)
at java.base/jdk.internal.reflect.DirectMethodHandleAccessor.invoke(DirectMethodHandleAccessor.java:103)
at java.base/java.lang.reflect.Method.invoke(Method.java:580)
at org.testng.internal.MethodInvocationHelper.invokeMethod(MethodInvocationHelper.java:133)
at org.testng.internal.TestInvoker.invokeMethod(TestInvoker.java:598)
at org.testng.internal.TestInvoker.invokeTestMethod(TestInvoker.java:173)
at org.testng.internal.MethodRunner.runInSequence(MethodRunner.java:46)
at org.testng.internal.TestInvoker$MethodInvocationAgent.invoke(TestInvoker.java:824)
at org.testng.internal.TestInvoker.invokeTestMethods(TestInvoker.java:146)
at org.testng.internal.TestMethodWorker.invokeTestMethods(TestMethodWorker.java:146)
at org.testng.internal.TestMethodWorker.run(TestMethodWorker.java:128)
at java.base/java.util.ArrayList.forEach(ArrayList.java:1597)
at org.testng.TestRunner.privateRun(TestRunner.java:794)
at org.testng.TestRunner.run(TestRunner.java:596)
at org.testng.SuiteRunner.runTest(SuiteRunner.java:377)
at org.testng.SuiteRunner.runSequentially(SuiteRunner.java:371)
at org.testng.SuiteRunner.privateRun(SuiteRunner.java:332)
at org.testng.SuiteRunner.run(SuiteRunner.java:276)
at org.testng.SuiteRunnerWorker.runSuite(SuiteRunnerWorker.java:53)
at org.testng.SuiteRunnerWorker.run(SuiteRunnerWorker.java:96)
at org.testng.TestNG.runSuitesSequentially(TestNG.java:1212)
at org.testng.TestNG.runSuitesLocally(TestNG.java:1134)
at org.testng.TestNG.runSuites(TestNG.java:1063)
at org.testng.TestNG.run(TestNG.java:1031)
at org.testng.remote.AbstractRemoteTestNG.run(AbstractRemoteTestNG.java:115)
at org.testng.remote.RemoteTestNG.initAndRun(RemoteTestNG.java:293)
at org.testng.remote.RemoteTestNG.main(RemoteTestNG.java:91)
]]>
            </full-stacktrace>
          </exception> <!-- org.opentest4j.AssertionFailedError -->
          <reporter-output>
          </reporter-output>
        </test-method> <!-- testDoGetHttpServletRequestHttpServletResponse -->
        <test-method signature="testDoPostHttpServletRequestHttpServletResponse()[pri:0, instance:com.dvops.maven.eclipse.TestLogin@3e84448c]" started-at="2025-02-25T02:27:45 SGT" name="testDoPostHttpServletRequestHttpServletResponse" finished-at="2025-02-25T02:27:45 SGT" duration-ms="1" status="FAIL">
          <exception class="org.opentest4j.AssertionFailedError">
            <message>
              <![CDATA[Not yet implemented]]>
            </message>
            <full-stacktrace>
              <![CDATA[org.opentest4j.AssertionFailedError: Not yet implemented
at org.junit.jupiter.api.AssertionUtils.fail(AssertionUtils.java:38)
at org.junit.jupiter.api.Assertions.fail(Assertions.java:138)
at com.dvops.maven.eclipse.TestLogin.testDoPostHttpServletRequestHttpServletResponse(TestLogin.java:90)
at java.base/jdk.internal.reflect.DirectMethodHandleAccessor.invoke(DirectMethodHandleAccessor.java:103)
at java.base/java.lang.reflect.Method.invoke(Method.java:580)
at org.testng.internal.MethodInvocationHelper.invokeMethod(MethodInvocationHelper.java:133)
at org.testng.internal.TestInvoker.invokeMethod(TestInvoker.java:598)
at org.testng.internal.TestInvoker.invokeTestMethod(TestInvoker.java:173)
at org.testng.internal.MethodRunner.runInSequence(MethodRunner.java:46)
at org.testng.internal.TestInvoker$MethodInvocationAgent.invoke(TestInvoker.java:824)
at org.testng.internal.TestInvoker.invokeTestMethods(TestInvoker.java:146)
at org.testng.internal.TestMethodWorker.invokeTestMethods(TestMethodWorker.java:146)
at org.testng.internal.TestMethodWorker.run(TestMethodWorker.java:128)
at java.base/java.util.ArrayList.forEach(ArrayList.java:1597)
at org.testng.TestRunner.privateRun(TestRunner.java:794)
at org.testng.TestRunner.run(TestRunner.java:596)
at org.testng.SuiteRunner.runTest(SuiteRunner.java:377)
at org.testng.SuiteRunner.runSequentially(SuiteRunner.java:371)
at org.testng.SuiteRunner.privateRun(SuiteRunner.java:332)
at org.testng.SuiteRunner.run(SuiteRunner.java:276)
at org.testng.SuiteRunnerWorker.runSuite(SuiteRunnerWorker.java:53)
at org.testng.SuiteRunnerWorker.run(SuiteRunnerWorker.java:96)
at org.testng.TestNG.runSuitesSequentially(TestNG.java:1212)
at org.testng.TestNG.runSuitesLocally(TestNG.java:1134)
at org.testng.TestNG.runSuites(TestNG.java:1063)
at org.testng.TestNG.run(TestNG.java:1031)
at org.testng.remote.AbstractRemoteTestNG.run(AbstractRemoteTestNG.java:115)
at org.testng.remote.RemoteTestNG.initAndRun(RemoteTestNG.java:293)
at org.testng.remote.RemoteTestNG.main(RemoteTestNG.java:91)
]]>
            </full-stacktrace>
          </exception> <!-- org.opentest4j.AssertionFailedError -->
          <reporter-output>
          </reporter-output>
        </test-method> <!-- testDoPostHttpServletRequestHttpServletResponse -->
        <test-method signature="testJspPage()[pri:0, instance:com.dvops.maven.eclipse.TestLogin@3e84448c]" started-at="2025-02-25T02:27:45 SGT" name="testJspPage" finished-at="2025-02-25T02:27:46 SGT" duration-ms="890" status="PASS">
          <reporter-output>
          </reporter-output>
        </test-method> <!-- testJspPage -->
        <test-method signature="testServletDoPost90()[pri:0, instance:com.dvops.maven.eclipse.TestLogin@3e84448c]" started-at="2025-02-25T02:27:46 SGT" name="testServletDoPost90" finished-at="2025-02-25T02:27:48 SGT" duration-ms="2507" status="PASS">
          <reporter-output>
          </reporter-output>
        </test-method> <!-- testServletDoPost90 -->
        <test-method is-config="true" signature="afterTest()[pri:0, instance:com.dvops.maven.eclipse.TestLogin@3e84448c]" started-at="2025-02-25T02:27:51 SGT" name="afterTest" finished-at="2025-02-25T02:27:51 SGT" duration-ms="86" status="PASS">
          <reporter-output>
          </reporter-output>
        </test-method> <!-- afterTest -->
      </class> <!-- com.dvops.maven.eclipse.TestLogin -->
      <class name="com.dvops.maven.eclipse.NewTeset">
        <test-method is-config="true" signature="beforeTest()[pri:0, instance:com.dvops.maven.eclipse.NewTeset@32b260fa]" started-at="2025-02-25T02:27:38 SGT" name="beforeTest" finished-at="2025-02-25T02:27:41 SGT" duration-ms="2705" status="PASS">
          <reporter-output>
          </reporter-output>
        </test-method> <!-- beforeTest -->
        <test-method is-config="true" signature="afterTest()[pri:0, instance:com.dvops.maven.eclipse.NewTeset@32b260fa]" started-at="2025-02-25T02:27:51 SGT" name="afterTest" finished-at="2025-02-25T02:27:51 SGT" duration-ms="53" status="PASS">
          <reporter-output>
          </reporter-output>
        </test-method> <!-- afterTest -->
      </class> <!-- com.dvops.maven.eclipse.NewTeset -->
      <class name="com.dvops.maven.eclipse.TestLogin1">
        <test-method is-config="true" signature="beforeTest()[pri:0, instance:com.dvops.maven.eclipse.TestLogin1@581ac8a8]" started-at="2025-02-25T02:27:43 SGT" name="beforeTest" finished-at="2025-02-25T02:27:45 SGT" duration-ms="2202" status="PASS">
          <reporter-output>
          </reporter-output>
        </test-method> <!-- beforeTest -->
        <test-method signature="testJspPage()[pri:0, instance:com.dvops.maven.eclipse.TestLogin1@581ac8a8]" started-at="2025-02-25T02:27:48 SGT" name="testJspPage" finished-at="2025-02-25T02:27:48 SGT" duration-ms="18" status="PASS">
          <reporter-output>
          </reporter-output>
        </test-method> <!-- testJspPage -->
        <test-method signature="testServletDoPost90()[pri:0, instance:com.dvops.maven.eclipse.TestLogin1@581ac8a8]" started-at="2025-02-25T02:27:48 SGT" name="testServletDoPost90" finished-at="2025-02-25T02:27:51 SGT" duration-ms="2520" status="PASS">
          <reporter-output>
          </reporter-output>
        </test-method> <!-- testServletDoPost90 -->
        <test-method is-config="true" signature="afterTest()[pri:0, instance:com.dvops.maven.eclipse.TestLogin1@581ac8a8]" started-at="2025-02-25T02:27:51 SGT" name="afterTest" finished-at="2025-02-25T02:27:51 SGT" duration-ms="86" status="PASS">
          <reporter-output>
          </reporter-output>
        </test-method> <!-- afterTest -->
      </class> <!-- com.dvops.maven.eclipse.TestLogin1 -->
    </test> <!-- Default test -->
  </suite> <!-- Default suite -->
</testng-results>
